<?xml version="1.0" encoding="UTF-8"?>
<!-- Generated by org.testng.reporters.JUnitReportReporter -->
<testsuite hostname="Balaji_R" failures="0" tests="1" name="org.example.tests.TestGetPerson" time="1.383" errors="0" timestamp="2024-05-30T07:40:17 IST" skipped="0">
  <testcase classname="org.example.tests.TestGetPerson" name="TestGetAllPerson" time="1.383"/>
</testsuite> <!-- org.example.tests.TestGetPerson -->
